\BOOKMARK [0][-]{chapter.1}{\376\377\000T\000w\000o\000-\000s\000c\000a\000n\000\040\000r\000e\000s\000u\000l\000t\000s}{}% 1
\BOOKMARK [1][-]{section.1.1}{\376\377\000D\000a\000t\000a\000\040\000s\000u\000m\000m\000a\000r\000y}{chapter.1}% 2
\BOOKMARK [1][-]{section.1.2}{\376\377\000L\000i\000v\000e\000r\000\040\000b\000i\000o\000m\000a\000r\000k\000e\000r\000s}{chapter.1}% 3
\BOOKMARK [1][-]{section.1.3}{\376\377\000S\000y\000s\000t\000e\000m\000i\000c\000\040\000b\000i\000o\000m\000a\000r\000k\000e\000r\000s}{chapter.1}% 4
\BOOKMARK [1][-]{section.1.4}{\376\377\000C\000o\000m\000p\000a\000r\000i\000s\000o\000n\000\040\000t\000o\000\040\000r\000e\000f\000e\000r\000e\000n\000c\000e\000\040\000v\000a\000l\000u\000e\000s}{chapter.1}% 5
\BOOKMARK [2][-]{subsection.1.4.1}{\376\377\000C\000o\000n\000t\000r\000o\000l}{section.1.4}% 6
\BOOKMARK [2][-]{subsection.1.4.2}{\376\377\000T\000r\000e\000a\000t\000m\000e\000n\000t}{section.1.4}% 7
\BOOKMARK [1][-]{section.1.5}{\376\377\000C\000a\000s\000e\000\040\000n\000o\000t\000e\000s}{chapter.1}% 8
\BOOKMARK [2][-]{subsection.1.5.1}{\376\377\000S\000u\000b\000j\000e\000c\000t\000\040\000S\000H\000F\000-\0000\0000\0002}{section.1.5}% 9
\BOOKMARK [2][-]{subsection.1.5.2}{\376\377\000S\000u\000b\000j\000e\000c\000t\000\040\000S\000H\000F\000-\0000\0000\0004}{section.1.5}% 10
\BOOKMARK [2][-]{subsection.1.5.3}{\376\377\000S\000u\000b\000j\000e\000c\000t\000\040\000S\000H\000F\000-\0000\0000\0005}{section.1.5}% 11
\BOOKMARK [2][-]{subsection.1.5.4}{\376\377\000S\000u\000b\000j\000e\000c\000t\000\040\000S\000H\000F\000-\0000\0000\0006}{section.1.5}% 12
\BOOKMARK [2][-]{subsection.1.5.5}{\376\377\000S\000u\000b\000j\000e\000c\000t\000\040\000S\000H\000F\000-\0000\0000\0009}{section.1.5}% 13
\BOOKMARK [2][-]{subsection.1.5.6}{\376\377\000S\000u\000b\000j\000e\000c\000t\000\040\000S\000H\000F\000-\0000\0001\0007}{section.1.5}% 14
\BOOKMARK [0][-]{chapter.2}{\376\377\000O\000n\000e\000-\000s\000c\000a\000n\000\040\000r\000e\000s\000u\000l\000t\000s}{}% 15
\BOOKMARK [1][-]{section.2.1}{\376\377\000D\000a\000t\000a\000\040\000s\000u\000m\000m\000a\000r\000y}{chapter.2}% 16
\BOOKMARK [1][-]{section.2.2}{\376\377\000L\000i\000v\000e\000r\000\040\000b\000i\000o\000m\000a\000r\000k\000e\000r\000s}{chapter.2}% 17
\BOOKMARK [1][-]{section.2.3}{\376\377\000S\000y\000s\000t\000e\000m\000i\000c\000\040\000b\000i\000o\000m\000a\000r\000k\000e\000r\000s}{chapter.2}% 18
\BOOKMARK [1][-]{section.2.4}{\376\377\000C\000a\000s\000e\000\040\000n\000o\000t\000e\000s}{chapter.2}% 19
\BOOKMARK [2][-]{subsection.2.4.1}{\376\377\000S\000u\000b\000j\000e\000c\000t\000\040\000S\000H\000F\000-\0000\0000\0002}{section.2.4}% 20
\BOOKMARK [2][-]{subsection.2.4.2}{\376\377\000S\000u\000b\000j\000e\000c\000t\000\040\000S\000H\000F\000-\0000\0000\0004}{section.2.4}% 21
\BOOKMARK [2][-]{subsection.2.4.3}{\376\377\000S\000u\000b\000j\000e\000c\000t\000\040\000S\000H\000F\000-\0000\0000\0005}{section.2.4}% 22
\BOOKMARK [2][-]{subsection.2.4.4}{\376\377\000S\000u\000b\000j\000e\000c\000t\000\040\000S\000H\000F\000-\0000\0000\0006}{section.2.4}% 23
\BOOKMARK [2][-]{subsection.2.4.5}{\376\377\000S\000u\000b\000j\000e\000c\000t\000\040\000S\000H\000F\000-\0000\0000\0009}{section.2.4}% 24
\BOOKMARK [2][-]{subsection.2.4.6}{\376\377\000S\000u\000b\000j\000e\000c\000t\000\040\000S\000H\000F\000-\0000\0001\0007}{section.2.4}% 25
\BOOKMARK [0][-]{chapter.3}{\376\377\000S\000e\000c\000o\000n\000d\000a\000r\000y\000\040\000r\000e\000s\000u\000l\000t\000s}{}% 26
\BOOKMARK [1][-]{section.3.1}{\376\377\000D\000i\000u\000r\000n\000a\000l\000\040\000v\000a\000r\000i\000a\000t\000i\000o\000n}{chapter.3}% 27
